[2026-02-24 15:25:01 UTC] Running preview generator...
  ⏭️  Plug 808 - already has preview
  ⏭️  Whirly - already has preview
  ⏭️  Colder Stacked Chords - already has preview
  ⏭️  Colder Chords - already has preview
  ⏭️  Islands Vox Lead - already has preview
  ⏭️  Bounce Lead Vox - already has preview
  ⏭️  Dirty Hi Intro Bass Long Resonant - already has preview
  ⏭️  Came to Play Vox Fill - already has preview
  ⏭️  Now - already has preview
  ⏭️  Heavy Fuzz - already has preview
  ⏭️  Hood Chant - already has preview
  ⏭️  Redline Kick - already has preview
  ⏭️  Raw Bass - already has preview
  ⏭️  Full Kick - already has preview
  ⏭️  Do it Synth Build - already has preview

📊 Summary:
   Processed: 0
   Skipped: 89
   Failed: 0
[2026-02-24 15:25:04 UTC] Done
